<?xml version="1.0" encoding="UTF-8"?>
<testsuite name="test.entities.UserTest" tests="4" skipped="0" failures="0" errors="0" timestamp="2019-08-14T12:40:27" hostname="C02XC6T5JG5L" time="0.002">
  <properties/>
  <testcase name="setup" classname="test.entities.UserTest" time="0.0"/>
  <testcase name="testUserAge" classname="test.entities.UserTest" time="0.0"/>
  <testcase name="testUserFirstName" classname="test.entities.UserTest" time="0.0"/>
  <testcase name="testUserLastName" classname="test.entities.UserTest" time="0.001"/>
  <system-out><![CDATA[Setting up User test
Test Age
Test FirstName
Test LastName
]]></system-out>
  <system-err><![CDATA[]]></system-err>
</testsuite>
