<?xml version="1.0" encoding="UTF-8"?>
<testsuite name="test.greetings.helloWorldTest" tests="2" skipped="0" failures="0" errors="0" timestamp="2019-08-14T12:40:27" hostname="C02XC6T5JG5L" time="0.001">
  <properties/>
  <testcase name="setup" classname="test.greetings.helloWorldTest" time="0.0"/>
  <testcase name="testMessage" classname="test.greetings.helloWorldTest" time="0.0"/>
  <system-out><![CDATA[Setting up helloWorld test
Test Message
]]></system-out>
  <system-err><![CDATA[]]></system-err>
</testsuite>
